
2021/11/21 (11:53:00) | ===> btop++ v.1.1.1
2021/11/21 (11:53:00) | ERROR: No tty detected!
btop++ needs an interactive shell to run.

2021/11/23 (20:24:08) | ===> btop++ v.1.1.1
2021/11/23 (20:24:08) | ERROR: No tty detected!
btop++ needs an interactive shell to run.

2021/11/27 (21:49:12) | ===> btop++ v.1.1.1
2021/11/27 (21:49:12) | ERROR: No tty detected!
btop++ needs an interactive shell to run.

2021/12/09 (19:32:15) | ===> btop++ v.1.1.1
2021/12/09 (19:32:15) | ERROR: No tty detected!
btop++ needs an interactive shell to run.

2021/12/21 (12:55:44) | ===> btop++ v.1.1.1
2021/12/21 (12:55:44) | INFO: Logger set to INFO
2021/12/21 (12:55:45) | INFO: Logger set to DEBUG

2022/02/21 (15:23:16) | ===> btop++ v.1.1.1
2022/02/21 (15:23:16) | ERROR: No tty detected!
btop++ needs an interactive shell to run.

2022/03/05 (00:16:20) | ===> btop++ v.1.1.1
2022/03/05 (00:16:20) | ERROR: No tty detected!
btop++ needs an interactive shell to run.

2022/07/17 (00:12:57) | ===> btop++ v.1.2.8
2022/07/17 (00:12:57) | ERROR: No tty detected!
btop++ needs an interactive shell to run.

2022/07/17 (00:13:07) | ===> btop++ v.1.2.8
2022/07/17 (00:13:07) | ERROR: Stall in Runner thread, restarting!
